<?xml version="1.0" encoding="UTF-8"?>
<robot generator="Robot 7.0.1 (Python 3.12.1 on win32)" generated="2025-02-25T23:32:04.645123" rpa="false" schemaversion="5">
<suite id="s1" name="Test Case" source="c:\Project_Soften\git-group-repository-group-4-sec-1\test\code_tests\UAT_sprint2\test_case">
<suite id="s1-s1" name="Export Docx Test" source="c:\Project_Soften\git-group-repository-group-4-sec-1\test\code_tests\UAT_sprint2\test_case\export_docx_test.robot">
<test id="s1-s1-t1" name="TC_003 Export Publication Report as DOCX" line="5">
<kw name="Login To System" owner="publication_resource">
<kw name="Open Browser" owner="SeleniumLibrary">
<msg time="2025-02-25T23:32:05.014718" level="INFO">Opening browser 'chrome' to base url 'https://cs0467.cpkkuhost.com/login'.</msg>
<arg>${LOGIN_URL}</arg>
<arg>chrome</arg>
<doc>Opens a new browser instance to the optional ``url``.</doc>
<status status="PASS" start="2025-02-25T23:32:05.014718" elapsed="5.959880"/>
</kw>
<kw name="Input Text" owner="SeleniumLibrary">
<msg time="2025-02-25T23:32:10.976623" level="INFO">Typing text 'punhor1@kku.ac.th' into text field 'name=username'.</msg>
<arg>name=username</arg>
<arg>${USERNAME}</arg>
<doc>Types the given ``text`` into the text field identified by ``locator``.</doc>
<status status="PASS" start="2025-02-25T23:32:10.975609" elapsed="0.112262"/>
</kw>
<kw name="Input Text" owner="SeleniumLibrary">
<msg time="2025-02-25T23:32:11.088875" level="INFO">Typing text '123456789' into text field 'name=password'.</msg>
<arg>name=password</arg>
<arg>${PASSWORD}</arg>
<doc>Types the given ``text`` into the text field identified by ``locator``.</doc>
<status status="PASS" start="2025-02-25T23:32:11.087871" elapsed="0.084001"/>
</kw>
<kw name="Click Button" owner="SeleniumLibrary">
<msg time="2025-02-25T23:32:11.172873" level="INFO">Clicking button 'xpath=//button[@type='submit']'.</msg>
<arg>xpath=//button[@type='submit']</arg>
<doc>Clicks the button identified by ``locator``.</doc>
<status status="PASS" start="2025-02-25T23:32:11.172873" elapsed="4.255079"/>
</kw>
<kw name="Wait Until Page Contains" owner="SeleniumLibrary">
<arg>Export Report</arg>
<arg>timeout=10</arg>
<doc>Waits until ``text`` appears on the current page.</doc>
<status status="PASS" start="2025-02-25T23:32:15.427952" elapsed="0.011821"/>
</kw>
<doc>เปิดเบราว์เซอร์ ไปที่ /login กรอก Username/Password แล้วล็อกอิน</doc>
<status status="PASS" start="2025-02-25T23:32:05.013706" elapsed="10.426067"/>
</kw>
<kw name="Click Export Report" owner="publication_resource">
<kw name="Wait Until Element Is Visible" owner="SeleniumLibrary">
<arg>xpath=//span[@class="menu-title" and contains(text(),"Export Report")]</arg>
<doc>Waits until the element ``locator`` is visible.</doc>
<status status="PASS" start="2025-02-25T23:32:15.441773" elapsed="0.136322"/>
</kw>
<kw name="Click Element" owner="SeleniumLibrary">
<msg time="2025-02-25T23:32:15.578095" level="INFO">Clicking element 'xpath=//span[@class="menu-title" and contains(text(),"Export Report")]'.</msg>
<arg>xpath=//span[@class="menu-title" and contains(text(),"Export Report")]</arg>
<doc>Click the element identified by ``locator``.</doc>
<status status="PASS" start="2025-02-25T23:32:15.578095" elapsed="1.333786"/>
</kw>
<doc>คลิกที่เมนู Export Report</doc>
<status status="PASS" start="2025-02-25T23:32:15.440780" elapsed="1.471101"/>
</kw>
<kw name="Click Download DOCX" owner="publication_resource">
<kw name="Wait Until Element Is Visible" owner="SeleniumLibrary">
<arg>xpath=//a[contains(text(),"Download as Word")]</arg>
<arg>timeout=10</arg>
<doc>Waits until the element ``locator`` is visible.</doc>
<status status="PASS" start="2025-02-25T23:32:16.916913" elapsed="0.032577"/>
</kw>
<kw name="Click Element" owner="SeleniumLibrary">
<msg time="2025-02-25T23:32:16.950491" level="INFO">Clicking element 'xpath=//a[contains(text(),"Download as Word")]'.</msg>
<arg>xpath=//a[contains(text(),"Download as Word")]</arg>
<doc>Click the element identified by ``locator``.</doc>
<status status="PASS" start="2025-02-25T23:32:16.949490" elapsed="0.674430"/>
</kw>
<status status="PASS" start="2025-02-25T23:32:16.915403" elapsed="0.708517"/>
</kw>
<kw name="Verify File Exists" owner="publication_resource">
<kw name="File Should Exist" owner="OperatingSystem">
<msg time="2025-02-25T23:32:17.628935" level="INFO" html="true">File '&lt;a href="file://C:\Users\WINDOWS 11\Downloads\publicationreport20250225.docx"&gt;C:\Users\WINDOWS 11\Downloads\publicationreport20250225.docx&lt;/a&gt;' exists.</msg>
<arg>${DOWNLOAD_PATH}${file_name}</arg>
<doc>Fails unless the given ``path`` points to an existing file.</doc>
<status status="PASS" start="2025-02-25T23:32:17.628935" elapsed="0.000000"/>
</kw>
<arg>publicationreport20250225.docx</arg>
<status status="PASS" start="2025-02-25T23:32:17.627935" elapsed="0.001000"/>
</kw>
<kw name="Close Browser" owner="SeleniumLibrary">
<doc>Closes the current browser.</doc>
<status status="PASS" start="2025-02-25T23:32:17.629935" elapsed="2.277730"/>
</kw>
<status status="PASS" start="2025-02-25T23:32:05.012701" elapsed="14.895953"/>
</test>
<test id="s1-s1-t2" name="TC_005 Verify Data In DOCX" line="12">
<kw name="File Should Exist" owner="OperatingSystem">
<msg time="2025-02-25T23:32:19.911160" level="INFO" html="true">File '&lt;a href="file://C:\Users\WINDOWS 11\Downloads\publicationreport20250225.docx"&gt;C:\Users\WINDOWS 11\Downloads\publicationreport20250225.docx&lt;/a&gt;' exists.</msg>
<arg>C:/Users/WINDOWS 11/Downloads/publicationreport20250225.docx</arg>
<doc>Fails unless the given ``path`` points to an existing file.</doc>
<status status="PASS" start="2025-02-25T23:32:19.911160" elapsed="0.000000"/>
</kw>
<kw name="Evaluate" owner="BuiltIn">
<msg time="2025-02-25T23:32:19.934993" level="INFO">${doc_text} =                                       Publication Report
                                                                                                                                               ...</msg>
<var>${doc_text}</var>
<arg>__import__('doc_reader').read_docx("${DOWNLOAD_PATH}publicationreport20250225.docx")</arg>
<doc>Evaluates the given expression in Python and returns the result.</doc>
<status status="PASS" start="2025-02-25T23:32:19.911160" elapsed="0.023833"/>
</kw>
<kw name="Log To Console" owner="BuiltIn">
<arg>${doc_text}</arg>
<doc>Logs the given message to the console.</doc>
<status status="PASS" start="2025-02-25T23:32:19.937023" elapsed="0.003009"/>
</kw>
<kw name="Should Contain" owner="BuiltIn">
<arg>${doc_text}</arg>
<arg>punhor1@kku.ac.th</arg>
<doc>Fails if ``container`` does not contain ``item`` one or more times.</doc>
<status status="PASS" start="2025-02-25T23:32:19.940032" elapsed="0.001003"/>
</kw>
<kw name="Should Contain" owner="BuiltIn">
<arg>${doc_text}</arg>
<arg>Punyaphol Horata, Ph.D.</arg>
<doc>Fails if ``container`` does not contain ``item`` one or more times.</doc>
<status status="PASS" start="2025-02-25T23:32:19.941035" elapsed="0.000000"/>
</kw>
<kw name="Should Contain" owner="BuiltIn">
<arg>${doc_text}</arg>
<arg>2528 วท.บ. (คณิตศาสตร์) (มหาวิทยาลัยขอนแก่น)</arg>
<doc>Fails if ``container`` does not contain ``item`` one or more times.</doc>
<status status="PASS" start="2025-02-25T23:32:19.941035" elapsed="0.000000"/>
</kw>
<kw name="Should Contain" owner="BuiltIn">
<arg>${doc_text}</arg>
<arg>Machine Learning and Intelligent Systems</arg>
<doc>Fails if ``container`` does not contain ``item`` one or more times.</doc>
<status status="PASS" start="2025-02-25T23:32:19.942542" elapsed="0.000000"/>
</kw>
<kw name="Should Contain" owner="BuiltIn">
<arg>${doc_text}</arg>
<arg>Enhanced Local Receptive Fields based Extreme Learning Machine using Dominant</arg>
<doc>Fails if ``container`` does not contain ``item`` one or more times.</doc>
<status status="PASS" start="2025-02-25T23:32:19.942542" elapsed="0.000000"/>
</kw>
<status status="PASS" start="2025-02-25T23:32:19.910149" elapsed="0.033404"/>
</test>
<status status="PASS" start="2025-02-25T23:32:04.663537" elapsed="15.281952"/>
</suite>
<suite id="s1-s2" name="Export Pdf Test" source="c:\Project_Soften\git-group-repository-group-4-sec-1\test\code_tests\UAT_sprint2\test_case\export_pdf_test.robot">
<test id="s1-s2-t1" name="TC_002 Export Publication Report as PDF" line="5">
<kw name="Login To System" owner="publication_resource">
<kw name="Open Browser" owner="SeleniumLibrary">
<msg time="2025-02-25T23:32:19.959457" level="INFO">Opening browser 'chrome' to base url 'https://cs0467.cpkkuhost.com/login'.</msg>
<arg>${LOGIN_URL}</arg>
<arg>chrome</arg>
<doc>Opens a new browser instance to the optional ``url``.</doc>
<status status="PASS" start="2025-02-25T23:32:19.959457" elapsed="4.599362"/>
</kw>
<kw name="Input Text" owner="SeleniumLibrary">
<msg time="2025-02-25T23:32:24.559807" level="INFO">Typing text 'punhor1@kku.ac.th' into text field 'name=username'.</msg>
<arg>name=username</arg>
<arg>${USERNAME}</arg>
<doc>Types the given ``text`` into the text field identified by ``locator``.</doc>
<status status="PASS" start="2025-02-25T23:32:24.558819" elapsed="0.098226"/>
</kw>
<kw name="Input Text" owner="SeleniumLibrary">
<msg time="2025-02-25T23:32:24.657045" level="INFO">Typing text '123456789' into text field 'name=password'.</msg>
<arg>name=password</arg>
<arg>${PASSWORD}</arg>
<doc>Types the given ``text`` into the text field identified by ``locator``.</doc>
<status status="PASS" start="2025-02-25T23:32:24.657045" elapsed="0.136811"/>
</kw>
<kw name="Click Button" owner="SeleniumLibrary">
<msg time="2025-02-25T23:32:24.795376" level="INFO">Clicking button 'xpath=//button[@type='submit']'.</msg>
<arg>xpath=//button[@type='submit']</arg>
<doc>Clicks the button identified by ``locator``.</doc>
<status status="PASS" start="2025-02-25T23:32:24.793856" elapsed="2.590015"/>
</kw>
<kw name="Wait Until Page Contains" owner="SeleniumLibrary">
<arg>Export Report</arg>
<arg>timeout=10</arg>
<doc>Waits until ``text`` appears on the current page.</doc>
<status status="PASS" start="2025-02-25T23:32:27.383871" elapsed="0.012542"/>
</kw>
<doc>เปิดเบราว์เซอร์ ไปที่ /login กรอก Username/Password แล้วล็อกอิน</doc>
<status status="PASS" start="2025-02-25T23:32:19.959457" elapsed="7.437979"/>
</kw>
<kw name="Click Export Report" owner="publication_resource">
<kw name="Wait Until Element Is Visible" owner="SeleniumLibrary">
<arg>xpath=//span[@class="menu-title" and contains(text(),"Export Report")]</arg>
<doc>Waits until the element ``locator`` is visible.</doc>
<status status="PASS" start="2025-02-25T23:32:27.398417" elapsed="0.029704"/>
</kw>
<kw name="Click Element" owner="SeleniumLibrary">
<msg time="2025-02-25T23:32:27.428121" level="INFO">Clicking element 'xpath=//span[@class="menu-title" and contains(text(),"Export Report")]'.</msg>
<arg>xpath=//span[@class="menu-title" and contains(text(),"Export Report")]</arg>
<doc>Click the element identified by ``locator``.</doc>
<status status="PASS" start="2025-02-25T23:32:27.428121" elapsed="1.209754"/>
</kw>
<doc>คลิกที่เมนู Export Report</doc>
<status status="PASS" start="2025-02-25T23:32:27.397436" elapsed="1.240439"/>
</kw>
<kw name="Click Download PDF" owner="publication_resource">
<kw name="Wait Until Element Is Visible" owner="SeleniumLibrary">
<arg>xpath=//button[text()="Download as PDF"]</arg>
<arg>timeout=10</arg>
<doc>Waits until the element ``locator`` is visible.</doc>
<status status="PASS" start="2025-02-25T23:32:28.638884" elapsed="0.044743"/>
</kw>
<kw name="Click Element" owner="SeleniumLibrary">
<msg time="2025-02-25T23:32:28.684163" level="INFO">Clicking element 'xpath=//button[text()="Download as PDF"]'.</msg>
<arg>xpath=//button[text()="Download as PDF"]</arg>
<doc>Click the element identified by ``locator``.</doc>
<status status="PASS" start="2025-02-25T23:32:28.684163" elapsed="0.700328"/>
</kw>
<status status="PASS" start="2025-02-25T23:32:28.638884" elapsed="0.745607"/>
</kw>
<kw name="Verify File Exists" owner="publication_resource">
<kw name="File Should Exist" owner="OperatingSystem">
<msg time="2025-02-25T23:32:29.385490" level="INFO" html="true">File '&lt;a href="file://C:\Users\WINDOWS 11\Downloads\publication_report_20250224.pdf"&gt;C:\Users\WINDOWS 11\Downloads\publication_report_20250224.pdf&lt;/a&gt;' exists.</msg>
<arg>${DOWNLOAD_PATH}${file_name}</arg>
<doc>Fails unless the given ``path`` points to an existing file.</doc>
<status status="PASS" start="2025-02-25T23:32:29.385490" elapsed="0.000000"/>
</kw>
<arg>publication_report_20250224.pdf</arg>
<status status="PASS" start="2025-02-25T23:32:29.385490" elapsed="0.001024"/>
</kw>
<kw name="Close Browser" owner="SeleniumLibrary">
<doc>Closes the current browser.</doc>
<status status="PASS" start="2025-02-25T23:32:29.386514" elapsed="2.372652"/>
</kw>
<status status="PASS" start="2025-02-25T23:32:19.958459" elapsed="11.801585"/>
</test>
<test id="s1-s2-t2" name="TC_004 Verify Data In PDF" line="12">
<kw name="Read Pdf" owner="doc_reader">
<msg time="2025-02-25T23:32:31.796466" level="INFO">${pdf_text} = Publication Report
February 24, 2025
Professor Information
Punyaphol Horata, Ph.D.
Associate Professor
E-mail: punhor1@kku.ac.th
Education
2528 วท.บ. (คณิตศาสตร์) (มหาวิทยาลัยขอนแก่น)
2535 วท.ม. (วิทย...</msg>
<var>${pdf_text}</var>
<arg>${DOWNLOAD_PATH}publication_report_20250224.pdf</arg>
<doc>Reads text from a PDF file using PyMuPDF (fitz) and returns it as a single.</doc>
<status status="PASS" start="2025-02-25T23:32:31.762553" elapsed="0.033913"/>
</kw>
<kw name="Should Contain" owner="BuiltIn">
<arg>${pdf_text}</arg>
<arg>punhor1@kku.ac.th</arg>
<doc>Fails if ``container`` does not contain ``item`` one or more times.</doc>
<status status="PASS" start="2025-02-25T23:32:31.797488" elapsed="0.000000"/>
</kw>
<kw name="Should Contain" owner="BuiltIn">
<arg>${pdf_text}</arg>
<arg>Punyaphol Horata, Ph.D.</arg>
<doc>Fails if ``container`` does not contain ``item`` one or more times.</doc>
<status status="PASS" start="2025-02-25T23:32:31.798478" elapsed="0.000000"/>
</kw>
<kw name="Should Contain" owner="BuiltIn">
<arg>${pdf_text}</arg>
<arg>2528 วท.บ. (คณิตศาสตร์) (มหาวิทยาลัยขอนแก่น)</arg>
<doc>Fails if ``container`` does not contain ``item`` one or more times.</doc>
<status status="PASS" start="2025-02-25T23:32:31.798478" elapsed="0.001115"/>
</kw>
<kw name="Should Contain" owner="BuiltIn">
<arg>${pdf_text}</arg>
<arg>Machine Learning and Intelligent Systems</arg>
<doc>Fails if ``container`` does not contain ``item`` one or more times.</doc>
<status status="PASS" start="2025-02-25T23:32:31.800000" elapsed="0.000000"/>
</kw>
<kw name="Should Contain" owner="BuiltIn">
<arg>${pdf_text}</arg>
<arg>Enhanced Local Receptive Fields based Extreme Learning Machine using Dominant</arg>
<doc>Fails if ``container`` does not contain ``item`` one or more times.</doc>
<status status="PASS" start="2025-02-25T23:32:31.800595" elapsed="0.000000"/>
</kw>
<kw name="Should Contain" owner="BuiltIn">
<arg>${pdf_text}</arg>
<arg>ภาษาโปรแกรม (Programming languages). ขอนแก่น: คลังนานาธรรม</arg>
<doc>Fails if ``container`` does not contain ``item`` one or more times.</doc>
<status status="PASS" start="2025-02-25T23:32:31.800595" elapsed="0.001019"/>
</kw>
<status status="PASS" start="2025-02-25T23:32:31.761043" elapsed="0.040571"/>
</test>
<status status="PASS" start="2025-02-25T23:32:19.948488" elapsed="11.855126"/>
</suite>
<suite id="s1-s3" name="Exported File Size" source="c:\Project_Soften\git-group-repository-group-4-sec-1\test\code_tests\UAT_sprint2\test_case\Exported_File_Size.robot">
<test id="s1-s3-t1" name="TC_009 Check Exported File Size" line="6">
<kw name="Login To System" owner="publication_resource">
<kw name="Open Browser" owner="SeleniumLibrary">
<msg time="2025-02-25T23:32:31.815737" level="INFO">Opening browser 'chrome' to base url 'https://cs0467.cpkkuhost.com/login'.</msg>
<arg>${LOGIN_URL}</arg>
<arg>chrome</arg>
<doc>Opens a new browser instance to the optional ``url``.</doc>
<status status="PASS" start="2025-02-25T23:32:31.815737" elapsed="3.617433"/>
</kw>
<kw name="Input Text" owner="SeleniumLibrary">
<msg time="2025-02-25T23:32:35.433677" level="INFO">Typing text 'punhor1@kku.ac.th' into text field 'name=username'.</msg>
<arg>name=username</arg>
<arg>${USERNAME}</arg>
<doc>Types the given ``text`` into the text field identified by ``locator``.</doc>
<status status="PASS" start="2025-02-25T23:32:35.433677" elapsed="1.355804"/>
</kw>
<kw name="Input Text" owner="SeleniumLibrary">
<msg time="2025-02-25T23:32:36.789481" level="INFO">Typing text '123456789' into text field 'name=password'.</msg>
<arg>name=password</arg>
<arg>${PASSWORD}</arg>
<doc>Types the given ``text`` into the text field identified by ``locator``.</doc>
<status status="PASS" start="2025-02-25T23:32:36.789481" elapsed="0.097466"/>
</kw>
<kw name="Click Button" owner="SeleniumLibrary">
<msg time="2025-02-25T23:32:36.887954" level="INFO">Clicking button 'xpath=//button[@type='submit']'.</msg>
<arg>xpath=//button[@type='submit']</arg>
<doc>Clicks the button identified by ``locator``.</doc>
<status status="PASS" start="2025-02-25T23:32:36.887954" elapsed="2.471751"/>
</kw>
<kw name="Wait Until Page Contains" owner="SeleniumLibrary">
<arg>Export Report</arg>
<arg>timeout=10</arg>
<doc>Waits until ``text`` appears on the current page.</doc>
<status status="PASS" start="2025-02-25T23:32:39.359705" elapsed="0.014079"/>
</kw>
<doc>เปิดเบราว์เซอร์ ไปที่ /login กรอก Username/Password แล้วล็อกอิน</doc>
<status status="PASS" start="2025-02-25T23:32:31.815737" elapsed="7.558047"/>
</kw>
<kw name="Click Export Report" owner="publication_resource">
<kw name="Wait Until Element Is Visible" owner="SeleniumLibrary">
<arg>xpath=//span[@class="menu-title" and contains(text(),"Export Report")]</arg>
<doc>Waits until the element ``locator`` is visible.</doc>
<status status="PASS" start="2025-02-25T23:32:39.374793" elapsed="0.044494"/>
</kw>
<kw name="Click Element" owner="SeleniumLibrary">
<msg time="2025-02-25T23:32:39.419287" level="INFO">Clicking element 'xpath=//span[@class="menu-title" and contains(text(),"Export Report")]'.</msg>
<arg>xpath=//span[@class="menu-title" and contains(text(),"Export Report")]</arg>
<doc>Click the element identified by ``locator``.</doc>
<status status="PASS" start="2025-02-25T23:32:39.419287" elapsed="1.231088"/>
</kw>
<doc>คลิกที่เมนู Export Report</doc>
<status status="PASS" start="2025-02-25T23:32:39.373784" elapsed="1.276591"/>
</kw>
<kw name="Click Download PDF" owner="publication_resource">
<kw name="Wait Until Element Is Visible" owner="SeleniumLibrary">
<arg>xpath=//button[text()="Download as PDF"]</arg>
<arg>timeout=10</arg>
<doc>Waits until the element ``locator`` is visible.</doc>
<status status="PASS" start="2025-02-25T23:32:40.651377" elapsed="0.041179"/>
</kw>
<kw name="Click Element" owner="SeleniumLibrary">
<msg time="2025-02-25T23:32:40.693563" level="INFO">Clicking element 'xpath=//button[text()="Download as PDF"]'.</msg>
<arg>xpath=//button[text()="Download as PDF"]</arg>
<doc>Click the element identified by ``locator``.</doc>
<status status="PASS" start="2025-02-25T23:32:40.693563" elapsed="0.696194"/>
</kw>
<status status="PASS" start="2025-02-25T23:32:40.651377" elapsed="0.738380"/>
</kw>
<kw name="Sleep" owner="BuiltIn">
<msg time="2025-02-25T23:32:46.396678" level="INFO">Slept 5 seconds.</msg>
<arg>5s</arg>
<doc>Pauses the test executed for the given time.</doc>
<status status="PASS" start="2025-02-25T23:32:41.395433" elapsed="5.001245"/>
</kw>
<kw name="File Should Exist" owner="OperatingSystem">
<msg time="2025-02-25T23:32:46.397835" level="INFO" html="true">File '&lt;a href="file://C:\Users\WINDOWS 11\Downloads\publication_report_20250225.pdf"&gt;C:\Users\WINDOWS 11\Downloads\publication_report_20250225.pdf&lt;/a&gt;' exists.</msg>
<arg>${DOWNLOAD_PATH}publication_report_20250225.pdf</arg>
<doc>Fails unless the given ``path`` points to an existing file.</doc>
<status status="PASS" start="2025-02-25T23:32:46.397835" elapsed="0.000000"/>
</kw>
<kw name="Get File Size" owner="OperatingSystem">
<msg time="2025-02-25T23:32:46.399814" level="INFO" html="true">Size of file '&lt;a href="file://C:\Users\WINDOWS 11\Downloads\publication_report_20250224.pdf"&gt;C:\Users\WINDOWS 11\Downloads\publication_report_20250224.pdf&lt;/a&gt;' is 420930 bytes.</msg>
<msg time="2025-02-25T23:32:46.399814" level="INFO">${pdf_size} = 420930</msg>
<var>${pdf_size}</var>
<arg>${DOWNLOAD_PATH}publication_report_20250224.pdf</arg>
<doc>Returns and logs file size as an integer in bytes.</doc>
<status status="PASS" start="2025-02-25T23:32:46.398831" elapsed="0.000983"/>
</kw>
<kw name="Log" owner="BuiltIn">
<msg time="2025-02-25T23:32:46.400836" level="INFO">PDF file size: 420930 bytes</msg>
<arg>PDF file size: ${pdf_size} bytes</arg>
<doc>Logs the given message with the given level.</doc>
<status status="PASS" start="2025-02-25T23:32:46.400836" elapsed="0.000000"/>
</kw>
<kw name="Run Keyword If" owner="BuiltIn">
<arg>${pdf_size} &lt; 10000</arg>
<arg>Fail</arg>
<arg>PDF file size is less than 10000 bytes</arg>
<doc>Runs the given keyword with the given arguments, if ``condition`` is true.</doc>
<status status="PASS" start="2025-02-25T23:32:46.401820" elapsed="0.000000"/>
</kw>
<kw name="Run Keyword If" owner="BuiltIn">
<arg>${pdf_size} &gt; 5000000</arg>
<arg>Fail</arg>
<arg>PDF file size is greater than 5MB</arg>
<doc>Runs the given keyword with the given arguments, if ``condition`` is true.</doc>
<status status="PASS" start="2025-02-25T23:32:46.401820" elapsed="0.000000"/>
</kw>
<kw name="Click Download DOCX" owner="publication_resource">
<kw name="Wait Until Element Is Visible" owner="SeleniumLibrary">
<arg>xpath=//a[contains(text(),"Download as Word")]</arg>
<arg>timeout=10</arg>
<doc>Waits until the element ``locator`` is visible.</doc>
<status status="PASS" start="2025-02-25T23:32:46.403459" elapsed="0.032947"/>
</kw>
<kw name="Click Element" owner="SeleniumLibrary">
<msg time="2025-02-25T23:32:46.437394" level="INFO">Clicking element 'xpath=//a[contains(text(),"Download as Word")]'.</msg>
<arg>xpath=//a[contains(text(),"Download as Word")]</arg>
<doc>Click the element identified by ``locator``.</doc>
<status status="PASS" start="2025-02-25T23:32:46.436406" elapsed="0.575610"/>
</kw>
<status status="PASS" start="2025-02-25T23:32:46.401820" elapsed="0.610196"/>
</kw>
<kw name="Sleep" owner="BuiltIn">
<msg time="2025-02-25T23:32:52.015548" level="INFO">Slept 5 seconds.</msg>
<arg>5s</arg>
<doc>Pauses the test executed for the given time.</doc>
<status status="PASS" start="2025-02-25T23:32:47.013522" elapsed="5.002026"/>
</kw>
<kw name="File Should Exist" owner="OperatingSystem">
<msg time="2025-02-25T23:32:52.026437" level="FAIL">File 'C:\Users\WINDOWS 11\Downloads\publication_report_20250225.docx' does not exist.</msg>
<arg>${DOWNLOAD_PATH}publication_report_20250225.docx</arg>
<doc>Fails unless the given ``path`` points to an existing file.</doc>
<status status="FAIL" start="2025-02-25T23:32:52.022802" elapsed="0.004637">File 'C:\Users\WINDOWS 11\Downloads\publication_report_20250225.docx' does not exist.</status>
</kw>
<kw name="Get File Size" owner="OperatingSystem">
<var>${docx_size}</var>
<arg>${DOWNLOAD_PATH}publication_report_20250224.docx</arg>
<doc>Returns and logs file size as an integer in bytes.</doc>
<status status="NOT RUN" start="2025-02-25T23:32:52.030435" elapsed="0.000000"/>
</kw>
<kw name="Log" owner="BuiltIn">
<arg>DOCX file size: ${docx_size} bytes</arg>
<doc>Logs the given message with the given level.</doc>
<status status="NOT RUN" start="2025-02-25T23:32:52.030435" elapsed="0.000000"/>
</kw>
<kw name="Run Keyword If" owner="BuiltIn">
<arg>${docx_size} &lt; 5000</arg>
<arg>Fail</arg>
<arg>DOCX file size is less than 5000 bytes</arg>
<doc>Runs the given keyword with the given arguments, if ``condition`` is true.</doc>
<status status="NOT RUN" start="2025-02-25T23:32:52.030435" elapsed="0.000000"/>
</kw>
<kw name="Run Keyword If" owner="BuiltIn">
<arg>${docx_size} &gt; 2000000</arg>
<arg>Fail</arg>
<arg>DOCX file size is greater than 2MB</arg>
<doc>Runs the given keyword with the given arguments, if ``condition`` is true.</doc>
<status status="NOT RUN" start="2025-02-25T23:32:52.030435" elapsed="0.000000"/>
</kw>
<kw name="Close Browser" owner="SeleniumLibrary">
<doc>Closes the current browser.</doc>
<status status="NOT RUN" start="2025-02-25T23:32:52.030435" elapsed="0.000000"/>
</kw>
<status status="FAIL" start="2025-02-25T23:32:31.814735" elapsed="20.216700">File 'C:\Users\WINDOWS 11\Downloads\publication_report_20250225.docx' does not exist.</status>
</test>
<status status="FAIL" start="2025-02-25T23:32:31.804121" elapsed="20.229321"/>
</suite>
<suite id="s1-s4" name="Login Test" source="c:\Project_Soften\git-group-repository-group-4-sec-1\test\code_tests\UAT_sprint2\test_case\login_test.robot">
<test id="s1-s4-t1" name="TC_001 User Can Login And Access Publication Report" line="5">
<kw name="Login To System" owner="publication_resource">
<kw name="Open Browser" owner="SeleniumLibrary">
<msg time="2025-02-25T23:32:52.053313" level="INFO">Opening browser 'chrome' to base url 'https://cs0467.cpkkuhost.com/login'.</msg>
<arg>${LOGIN_URL}</arg>
<arg>chrome</arg>
<doc>Opens a new browser instance to the optional ``url``.</doc>
<status status="PASS" start="2025-02-25T23:32:52.053313" elapsed="6.167355"/>
</kw>
<kw name="Input Text" owner="SeleniumLibrary">
<msg time="2025-02-25T23:32:58.221672" level="INFO">Typing text 'punhor1@kku.ac.th' into text field 'name=username'.</msg>
<arg>name=username</arg>
<arg>${USERNAME}</arg>
<doc>Types the given ``text`` into the text field identified by ``locator``.</doc>
<status status="PASS" start="2025-02-25T23:32:58.220668" elapsed="0.166800"/>
</kw>
<kw name="Input Text" owner="SeleniumLibrary">
<msg time="2025-02-25T23:32:58.388472" level="INFO">Typing text '123456789' into text field 'name=password'.</msg>
<arg>name=password</arg>
<arg>${PASSWORD}</arg>
<doc>Types the given ``text`` into the text field identified by ``locator``.</doc>
<status status="PASS" start="2025-02-25T23:32:58.388472" elapsed="0.320100"/>
</kw>
<kw name="Click Button" owner="SeleniumLibrary">
<msg time="2025-02-25T23:32:58.709595" level="INFO">Clicking button 'xpath=//button[@type='submit']'.</msg>
<arg>xpath=//button[@type='submit']</arg>
<doc>Clicks the button identified by ``locator``.</doc>
<status status="PASS" start="2025-02-25T23:32:58.709595" elapsed="5.000611"/>
</kw>
<kw name="Wait Until Page Contains" owner="SeleniumLibrary">
<arg>Export Report</arg>
<arg>timeout=10</arg>
<doc>Waits until ``text`` appears on the current page.</doc>
<status status="PASS" start="2025-02-25T23:33:03.710206" elapsed="0.030318"/>
</kw>
<doc>เปิดเบราว์เซอร์ ไปที่ /login กรอก Username/Password แล้วล็อกอิน</doc>
<status status="PASS" start="2025-02-25T23:32:52.053313" elapsed="11.687211"/>
</kw>
<kw name="Click Export Report" owner="publication_resource">
<kw name="Wait Until Element Is Visible" owner="SeleniumLibrary">
<arg>xpath=//span[@class="menu-title" and contains(text(),"Export Report")]</arg>
<doc>Waits until the element ``locator`` is visible.</doc>
<status status="PASS" start="2025-02-25T23:33:03.807981" elapsed="0.122452"/>
</kw>
<kw name="Click Element" owner="SeleniumLibrary">
<msg time="2025-02-25T23:33:03.930433" level="INFO">Clicking element 'xpath=//span[@class="menu-title" and contains(text(),"Export Report")]'.</msg>
<arg>xpath=//span[@class="menu-title" and contains(text(),"Export Report")]</arg>
<doc>Click the element identified by ``locator``.</doc>
<status status="PASS" start="2025-02-25T23:33:03.930433" elapsed="1.411694"/>
</kw>
<doc>คลิกที่เมนู Export Report</doc>
<status status="PASS" start="2025-02-25T23:33:03.806969" elapsed="1.535158"/>
</kw>
<kw name="Page Should Contain" owner="SeleniumLibrary">
<msg time="2025-02-25T23:33:05.362494" level="INFO">Current page contains text 'Download as PDF'.</msg>
<arg>Download as PDF</arg>
<doc>Verifies that current page contains ``text``.</doc>
<status status="PASS" start="2025-02-25T23:33:05.342127" elapsed="0.020367"/>
</kw>
<kw name="Page Should Contain" owner="SeleniumLibrary">
<msg time="2025-02-25T23:33:05.377707" level="INFO">Current page contains text 'Download as Word'.</msg>
<arg>Download as Word</arg>
<doc>Verifies that current page contains ``text``.</doc>
<status status="PASS" start="2025-02-25T23:33:05.362494" elapsed="0.015213"/>
</kw>
<kw name="Close Browser" owner="SeleniumLibrary">
<doc>Closes the current browser.</doc>
<status status="PASS" start="2025-02-25T23:33:05.377707" elapsed="2.691212"/>
</kw>
<status status="PASS" start="2025-02-25T23:32:52.051806" elapsed="16.020620"/>
</test>
<status status="PASS" start="2025-02-25T23:32:52.036955" elapsed="16.037497"/>
</suite>
<suite id="s1-s5" name="Performance Test" source="c:\Project_Soften\git-group-repository-group-4-sec-1\test\code_tests\UAT_sprint2\test_case\performance_test.robot">
<test id="s1-s5-t1" name="TC_007 Export Large Publication Report" line="6">
<kw name="Set Test Variable" owner="BuiltIn">
<msg time="2025-02-25T23:33:08.085717" level="INFO">${USERNAME} = chakso@kku.ac.th</msg>
<arg>${USERNAME}</arg>
<arg>chakso@kku.ac.th</arg>
<doc>Makes a variable available everywhere within the scope of the current test.</doc>
<status status="PASS" start="2025-02-25T23:33:08.084710" elapsed="0.001007"/>
</kw>
<kw name="Set Test Variable" owner="BuiltIn">
<msg time="2025-02-25T23:33:08.085717" level="INFO">${PASSWORD} = 123456789</msg>
<arg>${PASSWORD}</arg>
<arg>123456789</arg>
<doc>Makes a variable available everywhere within the scope of the current test.</doc>
<status status="PASS" start="2025-02-25T23:33:08.085717" elapsed="0.000000"/>
</kw>
<kw name="Login To System" owner="publication_resource">
<kw name="Open Browser" owner="SeleniumLibrary">
<msg time="2025-02-25T23:33:08.087225" level="INFO">Opening browser 'chrome' to base url 'https://cs0467.cpkkuhost.com/login'.</msg>
<arg>${LOGIN_URL}</arg>
<arg>chrome</arg>
<doc>Opens a new browser instance to the optional ``url``.</doc>
<status status="PASS" start="2025-02-25T23:33:08.086718" elapsed="4.469636"/>
</kw>
<kw name="Input Text" owner="SeleniumLibrary">
<msg time="2025-02-25T23:33:12.556354" level="INFO">Typing text 'chakso@kku.ac.th' into text field 'name=username'.</msg>
<arg>name=username</arg>
<arg>${USERNAME}</arg>
<doc>Types the given ``text`` into the text field identified by ``locator``.</doc>
<status status="PASS" start="2025-02-25T23:33:12.556354" elapsed="1.343042"/>
</kw>
<kw name="Input Text" owner="SeleniumLibrary">
<msg time="2025-02-25T23:33:13.900394" level="INFO">Typing text '123456789' into text field 'name=password'.</msg>
<arg>name=password</arg>
<arg>${PASSWORD}</arg>
<doc>Types the given ``text`` into the text field identified by ``locator``.</doc>
<status status="PASS" start="2025-02-25T23:33:13.899396" elapsed="0.098792"/>
</kw>
<kw name="Click Button" owner="SeleniumLibrary">
<msg time="2025-02-25T23:33:13.999186" level="INFO">Clicking button 'xpath=//button[@type='submit']'.</msg>
<arg>xpath=//button[@type='submit']</arg>
<doc>Clicks the button identified by ``locator``.</doc>
<status status="PASS" start="2025-02-25T23:33:13.999186" elapsed="2.517950"/>
</kw>
<kw name="Wait Until Page Contains" owner="SeleniumLibrary">
<arg>Export Report</arg>
<arg>timeout=10</arg>
<doc>Waits until ``text`` appears on the current page.</doc>
<status status="PASS" start="2025-02-25T23:33:16.517136" elapsed="0.032579"/>
</kw>
<doc>เปิดเบราว์เซอร์ ไปที่ /login กรอก Username/Password แล้วล็อกอิน</doc>
<status status="PASS" start="2025-02-25T23:33:08.086718" elapsed="8.462997"/>
</kw>
<kw name="Click Export Report" owner="publication_resource">
<kw name="Wait Until Element Is Visible" owner="SeleniumLibrary">
<arg>xpath=//span[@class="menu-title" and contains(text(),"Export Report")]</arg>
<doc>Waits until the element ``locator`` is visible.</doc>
<status status="PASS" start="2025-02-25T23:33:16.550729" elapsed="0.033315"/>
</kw>
<kw name="Click Element" owner="SeleniumLibrary">
<msg time="2025-02-25T23:33:16.584604" level="INFO">Clicking element 'xpath=//span[@class="menu-title" and contains(text(),"Export Report")]'.</msg>
<arg>xpath=//span[@class="menu-title" and contains(text(),"Export Report")]</arg>
<doc>Click the element identified by ``locator``.</doc>
<status status="PASS" start="2025-02-25T23:33:16.584604" elapsed="2.066705"/>
</kw>
<doc>คลิกที่เมนู Export Report</doc>
<status status="PASS" start="2025-02-25T23:33:16.550729" elapsed="2.100580"/>
</kw>
<kw name="Click Download PDF" owner="publication_resource">
<kw name="Wait Until Element Is Visible" owner="SeleniumLibrary">
<arg>xpath=//button[text()="Download as PDF"]</arg>
<arg>timeout=10</arg>
<doc>Waits until the element ``locator`` is visible.</doc>
<status status="PASS" start="2025-02-25T23:33:18.652316" elapsed="0.037290"/>
</kw>
<kw name="Click Element" owner="SeleniumLibrary">
<msg time="2025-02-25T23:33:18.689606" level="INFO">Clicking element 'xpath=//button[text()="Download as PDF"]'.</msg>
<arg>xpath=//button[text()="Download as PDF"]</arg>
<doc>Click the element identified by ``locator``.</doc>
<status status="PASS" start="2025-02-25T23:33:18.689606" elapsed="1.562830"/>
</kw>
<status status="PASS" start="2025-02-25T23:33:18.651309" elapsed="1.602130"/>
</kw>
<kw name="Close Browser" owner="SeleniumLibrary">
<doc>Closes the current browser.</doc>
<status status="PASS" start="2025-02-25T23:33:20.253439" elapsed="2.319000"/>
</kw>
<kw name="Verify File Exists" owner="publication_resource">
<kw name="File Should Exist" owner="OperatingSystem">
<msg time="2025-02-25T23:33:22.574466" level="INFO" html="true">File '&lt;a href="file://C:\Users\WINDOWS 11\Downloads\publication_report_20250225(1).pdf"&gt;C:\Users\WINDOWS 11\Downloads\publication_report_20250225(1).pdf&lt;/a&gt;' exists.</msg>
<arg>${DOWNLOAD_PATH}${file_name}</arg>
<doc>Fails unless the given ``path`` points to an existing file.</doc>
<status status="PASS" start="2025-02-25T23:33:22.573452" elapsed="0.001014"/>
</kw>
<arg>publication_report_20250225(1).pdf</arg>
<status status="PASS" start="2025-02-25T23:33:22.573452" elapsed="0.001014"/>
</kw>
<kw name="Close Browser" owner="SeleniumLibrary">
<doc>Closes the current browser.</doc>
<status status="PASS" start="2025-02-25T23:33:22.574466" elapsed="0.000000"/>
</kw>
<kw name="Read Pdf" owner="doc_reader">
<msg time="2025-02-25T23:33:22.608636" level="INFO">${pdf_text} = Publication Report
February 25, 2025
Professor Information
Chakchai So-In, Ph.D.
Associate Professor
E-mail: chakso@kku.ac.th
Education
No education data available.
Research Expertise
Mobile Computing...</msg>
<var>${pdf_text}</var>
<arg>${DOWNLOAD_PATH}publication_report_20250225(1).pdf</arg>
<doc>Reads text from a PDF file using PyMuPDF (fitz) and returns it as a single.</doc>
<status status="PASS" start="2025-02-25T23:33:22.575467" elapsed="0.033169"/>
</kw>
<kw name="Should Contain" owner="BuiltIn">
<arg>${pdf_text}</arg>
<arg>Chakchai So-In, Ph.D.</arg>
<doc>Fails if ``container`` does not contain ``item`` one or more times.</doc>
<status status="PASS" start="2025-02-25T23:33:22.610145" elapsed="0.000000"/>
</kw>
<kw name="Should Contain" owner="BuiltIn">
<arg>${pdf_text}</arg>
<arg>chakso@kku.ac.th</arg>
<doc>Fails if ``container`` does not contain ``item`` one or more times.</doc>
<status status="PASS" start="2025-02-25T23:33:22.611156" elapsed="0.000000"/>
</kw>
<kw name="Should Contain" owner="BuiltIn">
<arg>${pdf_text}</arg>
<arg>Wireless Sensor Networks and Ad Hoc Networks</arg>
<doc>Fails if ``container`` does not contain ``item`` one or more times.</doc>
<status status="PASS" start="2025-02-25T23:33:22.611156" elapsed="0.001510"/>
</kw>
<kw name="Should Contain" owner="BuiltIn">
<arg>${pdf_text}</arg>
<arg>เครื่องสีข้าวอัตโนมัติที่ควบคุมด้วยระบบทางไกลแบบไร้สาย</arg>
<doc>Fails if ``container`` does not contain ``item`` one or more times.</doc>
<status status="PASS" start="2025-02-25T23:33:22.612666" elapsed="0.001011"/>
</kw>
<kw name="Should Contain" owner="BuiltIn">
<arg>${pdf_text}</arg>
<arg>แอปพลิเคชันจำกัด (วัดป่าธรรมอุทยาน). (Reference No. 373035).</arg>
<doc>Fails if ``container`` does not contain ``item`` one or more times.</doc>
<status status="PASS" start="2025-02-25T23:33:22.614689" elapsed="0.000000"/>
</kw>
<status status="PASS" start="2025-02-25T23:33:08.084710" elapsed="14.529979"/>
</test>
<test id="s1-s5-t2" name="TC_008 Check Export Speed" line="24">
<kw name="Login To System" owner="publication_resource">
<kw name="Open Browser" owner="SeleniumLibrary">
<msg time="2025-02-25T23:33:22.616723" level="INFO">Opening browser 'chrome' to base url 'https://cs0467.cpkkuhost.com/login'.</msg>
<arg>${LOGIN_URL}</arg>
<arg>chrome</arg>
<doc>Opens a new browser instance to the optional ``url``.</doc>
<status status="PASS" start="2025-02-25T23:33:22.616723" elapsed="5.139895"/>
</kw>
<kw name="Input Text" owner="SeleniumLibrary">
<msg time="2025-02-25T23:33:27.756618" level="INFO">Typing text 'punhor1@kku.ac.th' into text field 'name=username'.</msg>
<arg>name=username</arg>
<arg>${USERNAME}</arg>
<doc>Types the given ``text`` into the text field identified by ``locator``.</doc>
<status status="PASS" start="2025-02-25T23:33:27.756618" elapsed="0.160576"/>
</kw>
<kw name="Input Text" owner="SeleniumLibrary">
<msg time="2025-02-25T23:33:27.918190" level="INFO">Typing text '123456789' into text field 'name=password'.</msg>
<arg>name=password</arg>
<arg>${PASSWORD}</arg>
<doc>Types the given ``text`` into the text field identified by ``locator``.</doc>
<status status="PASS" start="2025-02-25T23:33:27.918190" elapsed="0.080114"/>
</kw>
<kw name="Click Button" owner="SeleniumLibrary">
<msg time="2025-02-25T23:33:27.998304" level="INFO">Clicking button 'xpath=//button[@type='submit']'.</msg>
<arg>xpath=//button[@type='submit']</arg>
<doc>Clicks the button identified by ``locator``.</doc>
<status status="PASS" start="2025-02-25T23:33:27.998304" elapsed="2.586955"/>
</kw>
<kw name="Wait Until Page Contains" owner="SeleniumLibrary">
<arg>Export Report</arg>
<arg>timeout=10</arg>
<doc>Waits until ``text`` appears on the current page.</doc>
<status status="PASS" start="2025-02-25T23:33:30.586768" elapsed="0.039580"/>
</kw>
<doc>เปิดเบราว์เซอร์ ไปที่ /login กรอก Username/Password แล้วล็อกอิน</doc>
<status status="PASS" start="2025-02-25T23:33:22.616723" elapsed="8.010555"/>
</kw>
<kw name="Click Export Report" owner="publication_resource">
<kw name="Wait Until Element Is Visible" owner="SeleniumLibrary">
<arg>xpath=//span[@class="menu-title" and contains(text(),"Export Report")]</arg>
<doc>Waits until the element ``locator`` is visible.</doc>
<status status="PASS" start="2025-02-25T23:33:30.627785" elapsed="0.045638"/>
</kw>
<kw name="Click Element" owner="SeleniumLibrary">
<msg time="2025-02-25T23:33:30.674439" level="INFO">Clicking element 'xpath=//span[@class="menu-title" and contains(text(),"Export Report")]'.</msg>
<arg>xpath=//span[@class="menu-title" and contains(text(),"Export Report")]</arg>
<doc>Click the element identified by ``locator``.</doc>
<status status="PASS" start="2025-02-25T23:33:30.674439" elapsed="1.390117"/>
</kw>
<doc>คลิกที่เมนู Export Report</doc>
<status status="PASS" start="2025-02-25T23:33:30.627785" elapsed="1.437780"/>
</kw>
<kw name="Get Current Date" owner="DateTime">
<msg time="2025-02-25T23:33:32.066565" level="INFO">${start_pdf} = 1740501212.066565</msg>
<var>${start_pdf}</var>
<arg>result_format=epoch</arg>
<doc>Returns current local or UTC time with an optional increment.</doc>
<status status="PASS" start="2025-02-25T23:33:32.065565" elapsed="0.001000"/>
</kw>
<kw name="Click Download PDF" owner="publication_resource">
<kw name="Wait Until Element Is Visible" owner="SeleniumLibrary">
<arg>xpath=//button[text()="Download as PDF"]</arg>
<arg>timeout=10</arg>
<doc>Waits until the element ``locator`` is visible.</doc>
<status status="PASS" start="2025-02-25T23:33:32.067562" elapsed="0.026633"/>
</kw>
<kw name="Click Element" owner="SeleniumLibrary">
<msg time="2025-02-25T23:33:32.094195" level="INFO">Clicking element 'xpath=//button[text()="Download as PDF"]'.</msg>
<arg>xpath=//button[text()="Download as PDF"]</arg>
<doc>Click the element identified by ``locator``.</doc>
<status status="PASS" start="2025-02-25T23:33:32.094195" elapsed="0.749071"/>
</kw>
<status status="PASS" start="2025-02-25T23:33:32.067562" elapsed="0.775704"/>
</kw>
<kw name="Get Current Date" owner="DateTime">
<msg time="2025-02-25T23:33:32.845272" level="INFO">${end_pdf} = 1740501212.844271</msg>
<var>${end_pdf}</var>
<arg>result_format=epoch</arg>
<doc>Returns current local or UTC time with an optional increment.</doc>
<status status="PASS" start="2025-02-25T23:33:32.844271" elapsed="0.001001"/>
</kw>
<kw name="Evaluate" owner="BuiltIn">
<msg time="2025-02-25T23:33:32.847277" level="INFO">${elapsed_pdf} = 0.7777059078216553</msg>
<var>${elapsed_pdf}</var>
<arg>${end_pdf} - ${start_pdf}</arg>
<doc>Evaluates the given expression in Python and returns the result.</doc>
<status status="PASS" start="2025-02-25T23:33:32.846280" elapsed="0.000997"/>
</kw>
<kw name="Log" owner="BuiltIn">
<msg time="2025-02-25T23:33:32.847277" level="INFO">PDF export elapsed time: 0.7777059078216553</msg>
<arg>PDF export elapsed time: ${elapsed_pdf}</arg>
<doc>Logs the given message with the given level.</doc>
<status status="PASS" start="2025-02-25T23:33:32.847277" elapsed="0.000000"/>
</kw>
<kw name="Should Be True" owner="BuiltIn">
<arg>${elapsed_pdf} &lt; 5</arg>
<doc>Fails if the given condition is not true.</doc>
<status status="PASS" start="2025-02-25T23:33:32.848277" elapsed="0.000000"/>
</kw>
<kw name="Get Current Date" owner="DateTime">
<msg time="2025-02-25T23:33:32.849276" level="INFO">${start_docx} = 1740501212.848277</msg>
<var>${start_docx}</var>
<arg>result_format=epoch</arg>
<doc>Returns current local or UTC time with an optional increment.</doc>
<status status="PASS" start="2025-02-25T23:33:32.848277" elapsed="0.000999"/>
</kw>
<kw name="Log" owner="BuiltIn">
<msg time="2025-02-25T23:33:32.849276" level="INFO">Start DOCX export: 1740501212.848277</msg>
<arg>Start DOCX export: ${start_docx}</arg>
<doc>Logs the given message with the given level.</doc>
<status status="PASS" start="2025-02-25T23:33:32.849276" elapsed="0.000000"/>
</kw>
<kw name="Click Download DOCX" owner="publication_resource">
<kw name="Wait Until Element Is Visible" owner="SeleniumLibrary">
<arg>xpath=//a[contains(text(),"Download as Word")]</arg>
<arg>timeout=10</arg>
<doc>Waits until the element ``locator`` is visible.</doc>
<status status="PASS" start="2025-02-25T23:33:32.850278" elapsed="0.071448"/>
</kw>
<kw name="Click Element" owner="SeleniumLibrary">
<msg time="2025-02-25T23:33:32.921726" level="INFO">Clicking element 'xpath=//a[contains(text(),"Download as Word")]'.</msg>
<arg>xpath=//a[contains(text(),"Download as Word")]</arg>
<doc>Click the element identified by ``locator``.</doc>
<status status="PASS" start="2025-02-25T23:33:32.921726" elapsed="0.652512"/>
</kw>
<status status="PASS" start="2025-02-25T23:33:32.850278" elapsed="0.723960"/>
</kw>
<kw name="Get Current Date" owner="DateTime">
<msg time="2025-02-25T23:33:33.575239" level="INFO">${end_docx} = 1740501213.575239</msg>
<var>${end_docx}</var>
<arg>result_format=epoch</arg>
<doc>Returns current local or UTC time with an optional increment.</doc>
<status status="PASS" start="2025-02-25T23:33:33.575239" elapsed="0.000000"/>
</kw>
<kw name="Log" owner="BuiltIn">
<msg time="2025-02-25T23:33:33.576240" level="INFO">End DOCX export: 1740501213.575239</msg>
<arg>End DOCX export: ${end_docx}</arg>
<doc>Logs the given message with the given level.</doc>
<status status="PASS" start="2025-02-25T23:33:33.576240" elapsed="0.000000"/>
</kw>
<kw name="Set Variable" owner="BuiltIn">
<msg time="2025-02-25T23:33:33.576240" level="INFO">${elapsed_docx} = 1740501213.575239 - 1740501212.848277</msg>
<var>${elapsed_docx}</var>
<arg>${end_docx} - ${start_docx}</arg>
<doc>Returns the given values which can then be assigned to a variables.</doc>
<status status="PASS" start="2025-02-25T23:33:33.576240" elapsed="0.000000"/>
</kw>
<kw name="Evaluate" owner="BuiltIn">
<msg time="2025-02-25T23:33:33.577241" level="INFO">${elapsed_docx} = 0.7269618511199951</msg>
<var>${elapsed_docx}</var>
<arg>${elapsed_docx}</arg>
<doc>Evaluates the given expression in Python and returns the result.</doc>
<status status="PASS" start="2025-02-25T23:33:33.576240" elapsed="0.001001"/>
</kw>
<kw name="Log" owner="BuiltIn">
<msg time="2025-02-25T23:33:33.577241" level="INFO">DOCX export elapsed time: 0.7269618511199951</msg>
<arg>DOCX export elapsed time: ${elapsed_docx}</arg>
<doc>Logs the given message with the given level.</doc>
<status status="PASS" start="2025-02-25T23:33:33.577241" elapsed="0.000000"/>
</kw>
<kw name="Should Be True" owner="BuiltIn">
<arg>${elapsed_docx} &lt; 5</arg>
<doc>Fails if the given condition is not true.</doc>
<status status="PASS" start="2025-02-25T23:33:33.577241" elapsed="0.000996"/>
</kw>
<kw name="Close Browser" owner="SeleniumLibrary">
<doc>Closes the current browser.</doc>
<status status="PASS" start="2025-02-25T23:33:33.578237" elapsed="3.298350"/>
</kw>
<status status="PASS" start="2025-02-25T23:33:22.615725" elapsed="14.261868"/>
</test>
<test id="s1-s5-t3" name="TC_009 Verify Missing Data" line="47">
<kw name="Set Test Variable" owner="BuiltIn">
<msg time="2025-02-25T23:33:36.879590" level="INFO">${USERNAME} = chakso@kku.ac.th</msg>
<arg>${USERNAME}</arg>
<arg>chakso@kku.ac.th</arg>
<doc>Makes a variable available everywhere within the scope of the current test.</doc>
<status status="PASS" start="2025-02-25T23:33:36.879590" elapsed="0.000000"/>
</kw>
<kw name="Set Test Variable" owner="BuiltIn">
<msg time="2025-02-25T23:33:36.880600" level="INFO">${PASSWORD} = 123456789</msg>
<arg>${PASSWORD}</arg>
<arg>123456789</arg>
<doc>Makes a variable available everywhere within the scope of the current test.</doc>
<status status="PASS" start="2025-02-25T23:33:36.880600" elapsed="0.000000"/>
</kw>
<kw name="Login To System" owner="publication_resource">
<kw name="Open Browser" owner="SeleniumLibrary">
<msg time="2025-02-25T23:33:36.882600" level="INFO">Opening browser 'chrome' to base url 'https://cs0467.cpkkuhost.com/login'.</msg>
<arg>${LOGIN_URL}</arg>
<arg>chrome</arg>
<doc>Opens a new browser instance to the optional ``url``.</doc>
<status status="PASS" start="2025-02-25T23:33:36.881590" elapsed="5.004839"/>
</kw>
<kw name="Input Text" owner="SeleniumLibrary">
<msg time="2025-02-25T23:33:41.887448" level="INFO">Typing text 'chakso@kku.ac.th' into text field 'name=username'.</msg>
<arg>name=username</arg>
<arg>${USERNAME}</arg>
<doc>Types the given ``text`` into the text field identified by ``locator``.</doc>
<status status="PASS" start="2025-02-25T23:33:41.887448" elapsed="0.105636"/>
</kw>
<kw name="Input Text" owner="SeleniumLibrary">
<msg time="2025-02-25T23:33:41.994100" level="INFO">Typing text '123456789' into text field 'name=password'.</msg>
<arg>name=password</arg>
<arg>${PASSWORD}</arg>
<doc>Types the given ``text`` into the text field identified by ``locator``.</doc>
<status status="PASS" start="2025-02-25T23:33:41.994100" elapsed="0.066999"/>
</kw>
<kw name="Click Button" owner="SeleniumLibrary">
<msg time="2025-02-25T23:33:42.061099" level="INFO">Clicking button 'xpath=//button[@type='submit']'.</msg>
<arg>xpath=//button[@type='submit']</arg>
<doc>Clicks the button identified by ``locator``.</doc>
<status status="PASS" start="2025-02-25T23:33:42.061099" elapsed="2.587938"/>
</kw>
<kw name="Wait Until Page Contains" owner="SeleniumLibrary">
<arg>Export Report</arg>
<arg>timeout=10</arg>
<doc>Waits until ``text`` appears on the current page.</doc>
<status status="PASS" start="2025-02-25T23:33:44.649037" elapsed="0.021019"/>
</kw>
<doc>เปิดเบราว์เซอร์ ไปที่ /login กรอก Username/Password แล้วล็อกอิน</doc>
<status status="PASS" start="2025-02-25T23:33:36.881590" elapsed="7.788466"/>
</kw>
<kw name="Click Export Report" owner="publication_resource">
<kw name="Wait Until Element Is Visible" owner="SeleniumLibrary">
<arg>xpath=//span[@class="menu-title" and contains(text(),"Export Report")]</arg>
<doc>Waits until the element ``locator`` is visible.</doc>
<status status="PASS" start="2025-02-25T23:33:44.671055" elapsed="0.044368"/>
</kw>
<kw name="Click Element" owner="SeleniumLibrary">
<msg time="2025-02-25T23:33:44.716438" level="INFO">Clicking element 'xpath=//span[@class="menu-title" and contains(text(),"Export Report")]'.</msg>
<arg>xpath=//span[@class="menu-title" and contains(text(),"Export Report")]</arg>
<doc>Click the element identified by ``locator``.</doc>
<status status="PASS" start="2025-02-25T23:33:44.715423" elapsed="2.122561"/>
</kw>
<doc>คลิกที่เมนู Export Report</doc>
<status status="PASS" start="2025-02-25T23:33:44.670056" elapsed="2.167928"/>
</kw>
<kw name="Click Download PDF" owner="publication_resource">
<kw name="Wait Until Element Is Visible" owner="SeleniumLibrary">
<arg>xpath=//button[text()="Download as PDF"]</arg>
<arg>timeout=10</arg>
<doc>Waits until the element ``locator`` is visible.</doc>
<status status="PASS" start="2025-02-25T23:33:46.838983" elapsed="0.104220"/>
</kw>
<kw name="Click Element" owner="SeleniumLibrary">
<msg time="2025-02-25T23:33:46.944526" level="INFO">Clicking element 'xpath=//button[text()="Download as PDF"]'.</msg>
<arg>xpath=//button[text()="Download as PDF"]</arg>
<doc>Click the element identified by ``locator``.</doc>
<status status="PASS" start="2025-02-25T23:33:46.944526" elapsed="1.692597"/>
</kw>
<status status="PASS" start="2025-02-25T23:33:46.838983" elapsed="1.798140"/>
</kw>
<kw name="Read Pdf" owner="doc_reader">
<msg time="2025-02-25T23:33:48.654590" level="INFO">${pdf_text} = Publication Report
February 25, 2025
Professor Information
Chakchai So-In, Ph.D.
Associate Professor
E-mail: chakso@kku.ac.th
Education
No education data available.
Research Expertise
Mobile Computing...</msg>
<var>${pdf_text}</var>
<arg>${DOWNLOAD_PATH}publication_report_20250225(1).pdf</arg>
<doc>Reads text from a PDF file using PyMuPDF (fitz) and returns it as a single.</doc>
<status status="PASS" start="2025-02-25T23:33:48.637123" elapsed="0.017467"/>
</kw>
<kw name="Should Contain" owner="BuiltIn">
<arg>${pdf_text}</arg>
<arg>Chakchai So-In, Ph.D.</arg>
<doc>Fails if ``container`` does not contain ``item`` one or more times.</doc>
<status status="PASS" start="2025-02-25T23:33:48.655588" elapsed="0.000000"/>
</kw>
<kw name="Should Contain" owner="BuiltIn">
<arg>${pdf_text}</arg>
<arg>chakso@kku.ac.th</arg>
<doc>Fails if ``container`` does not contain ``item`` one or more times.</doc>
<status status="PASS" start="2025-02-25T23:33:48.657590" elapsed="0.000000"/>
</kw>
<kw name="Should Contain" owner="BuiltIn">
<arg>${pdf_text}</arg>
<arg>Wireless Sensor Networks and Ad Hoc Networks</arg>
<doc>Fails if ``container`` does not contain ``item`` one or more times.</doc>
<status status="PASS" start="2025-02-25T23:33:48.658591" elapsed="0.000000"/>
</kw>
<kw name="Should Contain" owner="BuiltIn">
<arg>${pdf_text}</arg>
<arg>เครื่องสีข้าวอัตโนมัติที่ควบคุมด้วยระบบทางไกลแบบไร้สาย</arg>
<doc>Fails if ``container`` does not contain ``item`` one or more times.</doc>
<status status="PASS" start="2025-02-25T23:33:48.658591" elapsed="0.000000"/>
</kw>
<kw name="Should Contain" owner="BuiltIn">
<arg>${pdf_text}</arg>
<arg>แอปพลิเคชันจำกัด (วัดป่าธรรมอุทยาน). (Reference No. 373035).</arg>
<doc>Fails if ``container`` does not contain ``item`` one or more times.</doc>
<status status="PASS" start="2025-02-25T23:33:48.659591" elapsed="0.000000"/>
</kw>
<kw name="Should Contain" owner="BuiltIn">
<arg>${pdf_text}</arg>
<arg>No education data available.</arg>
<doc>Fails if ``container`` does not contain ``item`` one or more times.</doc>
<status status="PASS" start="2025-02-25T23:33:48.659591" elapsed="0.001000"/>
</kw>
<status status="PASS" start="2025-02-25T23:33:36.878589" elapsed="11.782002"/>
</test>
<status status="PASS" start="2025-02-25T23:33:08.075452" elapsed="40.586646"/>
</suite>
<suite id="s1-s6" name="Unauthorized Test" source="c:\Project_Soften\git-group-repository-group-4-sec-1\test\code_tests\UAT_sprint2\test_case\unauthorized_test.robot">
<test id="s1-s6-t1" name="TC_006 Unauthorized Access" line="6">
<kw name="Open Browser" owner="SeleniumLibrary">
<msg time="2025-02-25T23:33:48.673479" level="INFO">Opening browser 'chrome' to base url 'https://cs0467.cpkkuhost.com/export-report'.</msg>
<arg>${BASE_URL}/export-report</arg>
<arg>chrome</arg>
<doc>Opens a new browser instance to the optional ``url``.</doc>
<status status="PASS" start="2025-02-25T23:33:48.672474" elapsed="5.431131"/>
</kw>
<kw name="Page Should Contain" owner="SeleniumLibrary">
<msg time="2025-02-25T23:33:54.143241" level="INFO">Current page contains text 'ErrorException'.</msg>
<arg>ErrorException</arg>
<doc>Verifies that current page contains ``text``.</doc>
<status status="PASS" start="2025-02-25T23:33:54.104611" elapsed="0.038630"/>
</kw>
<kw name="Close Browser" owner="SeleniumLibrary">
<doc>Closes the current browser.</doc>
<status status="PASS" start="2025-02-25T23:33:54.143745" elapsed="2.153816"/>
</kw>
<status status="PASS" start="2025-02-25T23:33:48.672474" elapsed="7.626091"/>
</test>
<status status="PASS" start="2025-02-25T23:33:48.664131" elapsed="7.635432"/>
</suite>
<status status="FAIL" start="2025-02-25T23:32:04.646493" elapsed="111.654400"/>
</suite>
<statistics>
<total>
<stat pass="9" fail="1" skip="0">All Tests</stat>
</total>
<tag>
</tag>
<suite>
<stat pass="9" fail="1" skip="0" id="s1" name="Test Case">Test Case</stat>
<stat pass="2" fail="0" skip="0" id="s1-s1" name="Export Docx Test">Test Case.Export Docx Test</stat>
<stat pass="2" fail="0" skip="0" id="s1-s2" name="Export Pdf Test">Test Case.Export Pdf Test</stat>
<stat pass="0" fail="1" skip="0" id="s1-s3" name="Exported File Size">Test Case.Exported File Size</stat>
<stat pass="1" fail="0" skip="0" id="s1-s4" name="Login Test">Test Case.Login Test</stat>
<stat pass="3" fail="0" skip="0" id="s1-s5" name="Performance Test">Test Case.Performance Test</stat>
<stat pass="1" fail="0" skip="0" id="s1-s6" name="Unauthorized Test">Test Case.Unauthorized Test</stat>
</suite>
</statistics>
<errors>
</errors>
</robot>
